2021-08-11 23:12:00 error [www]: GET /123Not Found
2021-08-11 23:20:26 error [www]: GET /123Not Found
2021-08-11 23:20:27 error [www]: GET /123Not Found
2021-08-11 23:22:42 error [www]: POST /get_userNot Found
2021-08-11 23:24:46 error [www]: GET /api/get_userNot Found
2021-08-11 23:24:48 error [www]: GET /api/get_userNot Found
2021-08-11 23:24:49 error [www]: GET /api/get_userNot Found
2021-08-11 23:25:09 error [www]: GET /api/get_userNot Found
2021-08-11 23:25:09 error [www]: GET /api/get_userNot Found
2021-08-11 23:25:16 error [www]: GET /api/get_userNot Found
2021-08-11 23:25:55 error [www]: GET /api/get_userNot Found
2021-08-11 23:26:08 error [www]: GET /api/get_userNot Found
2021-08-11 23:26:15 error [www]: GET /api/get_userNot Found
2021-08-11 23:26:18 error [www]: GET /api/get_userNot Found
2021-08-11 23:40:42 error [www]: GET /api/get_userNot Found
2021-08-11 23:56:42 error [www]: POST /get_userNot Found
2021-08-11 23:56:43 error [www]: POST /get_userNot Found
2021-08-12 00:28:15 error [www]: GET /login?username=3120006196&password=0000Not Found
2021-08-12 00:28:30 error [www]: GET /login?username=3120006196&password=0000Not Found
2021-08-12 00:28:31 error [www]: GET /login?username=3120006196&password=0000Not Found
2021-08-12 18:27:18 error [www]: GET /login?username=3120006196&password=0000Not Found
2021-08-12 18:27:18 error [www]: GET /favicon.icoNot Found
2021-08-12 18:28:23 error [www]: GET /login?username=3120006196&password=0000Not Found
2021-08-12 18:28:24 error [www]: GET /login?username=3120006196&password=0000Not Found
2021-08-12 18:35:47 error [www]: GET /login?username=3120006196&password=0000Not Found
2021-08-12 18:39:06 error [www]: GET /login?username=3120006196&password=0000Not Found
2021-08-12 18:53:23 error [www]: GET /login?username=3120006196&password=0000Not Found
2021-08-12 18:53:23 error [www]: GET /login?username=3120006196&password=0000Not Found
2021-08-12 18:53:23 error [www]: GET /login?username=3120006196&password=0000Not Found
2021-08-12 18:53:28 error [www]: GET /login?username=3120006196&password=0000Not Found
2021-08-12 18:53:28 error [www]: GET /login?username=3120006196&password=0000Not Found
2021-08-12 18:53:28 error [www]: GET /login?username=3120006196&password=0000Not Found
2021-08-12 18:56:56 error [www]: GET /login?username=3120006196&password=0000Not Found
2021-08-12 19:56:15 error [www]: GET /get_userNot Found
2021-08-12 20:58:05 error [www]: GET /api/get_userNot Found
2021-08-12 20:58:31 error [www]: GET /api/get_userNot Found
2021-08-12 21:00:37 error [www]: GET /api/get_userNot Found
2021-08-12 21:04:25 error [www]: GET /api/get_userNot Found
2021-08-12 21:04:29 error [www]: GET /api/get_userNot Found
2021-08-12 21:08:15 error [www]: GET /api/get_userNot Found
2021-08-12 21:08:16 error [www]: GET /api/get_userNot Found
2021-08-12 21:08:16 error [www]: GET /api/get_userNot Found
2021-08-12 21:08:16 error [www]: GET /api/get_userNot Found
2021-08-12 21:08:16 error [www]: GET /api/get_userNot Found
2021-08-12 21:08:16 error [www]: GET /api/get_userNot Found
2021-08-12 21:08:17 error [www]: GET /api/get_userNot Found
2021-08-13 23:28:12 error [www]: GET /favicon.icoNot Found
2021-08-14 01:52:49 error [www]: POST /api/register?username=3120006204&password=0000&user_phone=110&user_status=adminNot Found
2021-08-14 01:52:53 error [www]: POST /api/register?username=3120006204&password=0000&user_phone=110&user_status=adminNot Found
2021-08-14 01:52:54 error [www]: POST /api/register?username=3120006204&password=0000&user_phone=110&user_status=adminNot Found
2021-08-14 01:53:04 error [www]: POST /api/register?username=3120006204&password=0000&user_phone=110Not Found
2021-08-14 02:07:47 error [www]: POST /loginr?username=3120006204&password=0000Not Found
2021-08-14 02:13:09 error [www]: GET /favicon.icoNot Found
2021-08-15 15:14:28 error [www]: GET /api/get_userNot Found
2021-08-15 15:14:33 error [www]: GET /api/get_userNot Found
2021-08-15 15:36:19 error [www]: GET /api/get_userNot Found
2021-08-15 15:36:51 error [www]: GET /api/get_userNot Found
2021-08-15 15:39:05 error [www]: GET /api/get_userNot Found
2021-08-15 15:41:26 error [www]: GET /api/get_userNot Found
2021-08-15 15:44:35 error [www]: GET /api/get_userNot Found
2021-08-15 15:55:10 error [www]: GET /api/get_userNot Found
2021-08-15 15:56:13 error [www]: GET /api/get_userNot Found
2021-08-15 15:59:08 error [www]: GET /api/get_userNot Found
2021-08-15 15:59:09 error [www]: GET /api/get_userNot Found
2021-08-15 15:59:09 error [www]: GET /api/get_userNot Found
2021-08-15 16:00:41 error [www]: GET /api/get_userNot Found
2021-08-15 16:00:48 error [www]: GET /api/get_userNot Found
2021-08-15 16:02:45 error [www]: POST /get_userNot Found
2021-08-15 16:03:02 error [www]: GET /api/get_userNot Found
2021-08-15 16:18:52 error [www]: GET /api/get_userNot Found
2021-08-15 17:37:13 error [www]: GET /login?username=3120006196&password=0000Not Found
2021-08-15 20:32:51 error [www]: POST /loginUnexpected token u in JSON at position 0
2021-08-15 20:34:28 error [www]: GET /login?usermane=3120006196&password=0000Not Found
2021-08-15 20:34:34 error [www]: GET /login?username=3120006196&password=0000Not Found
2021-08-15 20:35:43 error [www]: POST /loginUnexpected token u in JSON at position 0
2021-08-15 20:39:46 error [www]: GET /login?username=3120006196&password=0000Not Found
2021-08-15 21:00:53 error [www]: GET /login?username=3120006196&password=0000Not Found
2021-08-17 18:34:09 error [www]: GET /get-application-hexiNot Found
2021-08-17 18:45:31 error [www]: GET /get_get-application-adminNot Found
2021-08-17 18:45:31 error [www]: GET /get_get-application-hexiaoNot Found
2021-08-18 01:12:23 error [www]: GET /send-applyNot Found
2021-08-18 01:48:39 error [www]: GET /send-apply?user_id=1&add_type=%E7%AE%A1%E7%90%86%E5%91%98Not Found
2021-08-18 02:07:52 error [www]: GET /send-apply?user_id=1&add_type=%E6%A0%B8%E9%94%80%E5%91%98Not Found
2021-08-18 16:22:29 error [www]: POST /change-statusNot Found
2021-08-18 16:23:24 error [www]: POST /change-statusNot Found
2021-08-18 16:40:33 error [www]: POST /change-statusNot Found
2021-08-19 00:18:02 error [www]: POST /get-my-applicationNot Found
2021-08-19 00:18:14 error [www]: POST /get-my-application?user_id=8Not Found
2021-08-19 00:18:14 error [www]: POST /get-my-application?user_id=8Not Found
2021-08-19 00:18:15 error [www]: POST /get-my-application?user_id=8Not Found
2021-08-19 10:25:20 error [www]: GET /get-my-application?user_id=8Not Found
2021-08-19 10:25:20 error [www]: GET /get-my-application?user_id=8Not Found
2021-08-19 10:25:21 error [www]: GET /get-my-application?user_id=8Not Found
2021-08-19 10:25:22 error [www]: GET /get-my-application?user_id=8Not Found
2021-08-19 15:49:36 error [www]: GET /favicon.icoNot Found
2021-08-21 10:27:49 error [www]: GET /favicon.icoNot Found
2021-08-21 21:03:00 error [www]: GET /getitemNot Found
2021-08-21 21:03:03 error [www]: GET /getitemNot Found
2021-08-22 17:42:13 error [www]: GET /6d9e9f03-50ce-4d8f-afa7-2a0d56dc965dNot Found
2021-08-22 18:16:01 error [www]: GET /6d9e9f03-50ce-4d8f-afa7-2a0d56dc965d.jpgNot Found
2021-08-22 18:16:03 error [www]: GET /6d9e9f03-50ce-4d8f-afa7-2a0d56dc965d.jpgNot Found
2021-08-22 18:20:28 error [www]: GET /6d9e9f03-50ce-4d8f-afa7-2a0d56dc965d.jpgNot Found
2021-08-23 16:41:12 error [www]: GET /favicon.icoNot Found
2021-08-25 18:21:55 error [www]: GET /favicon.icoNot Found
2021-08-26 22:29:11 error [www]: POST /insert-orderUnexpected token " in JSON at position 0
2021-08-26 22:30:05 error [www]: POST /insert-orderUnexpected token " in JSON at position 0
2021-08-26 22:35:08 error [www]: POST /insert-orderUnexpected token " in JSON at position 0
2021-08-26 22:36:10 error [www]: POST /insert-orderUnexpected token " in JSON at position 0
2021-08-26 22:37:08 error [www]: POST /insert-orderUnexpected token " in JSON at position 0
2021-08-26 22:38:19 error [www]: POST /insert-orderUnexpected token " in JSON at position 0
2021-08-26 22:40:16 error [www]: POST /insert-orderUnexpected token " in JSON at position 0
2021-09-05 21:25:52 error [www]: GET /search-orderNot Found
